<?xml version="1.0" encoding="UTF-8"?>
<coverage generated="1601536918627" clover="3.2.0">
  <project timestamp="1601536918628" name="All files">
    <metrics statements="20" coveredstatements="20" conditionals="38" coveredconditionals="28" methods="5" coveredmethods="5" elements="63" coveredelements="53" complexity="0" loc="20" ncloc="20" packages="6" files="11" classes="11"/>
    <package name="components.Container">
      <metrics statements="5" coveredstatements="5" conditionals="16" coveredconditionals="12" methods="1" coveredmethods="1"/>
      <file name="Container.tsx" path="/Users/konradadamczyk/Documents/Projects/shop/Shop/src/components/Container/Container.tsx">
        <metrics statements="4" coveredstatements="4" conditionals="16" coveredconditionals="12" methods="1" coveredmethods="1"/>
        <line num="15" count="1" type="stmt"/>
        <line num="22" count="8" type="cond" truecount="2" falsecount="0"/>
        <line num="23" count="4" type="stmt"/>
        <line num="47" count="4" type="cond" truecount="2" falsecount="0"/>
      </file>
      <file name="styles.ts" path="/Users/konradadamczyk/Documents/Projects/shop/Shop/src/components/Container/styles.ts">
        <metrics statements="1" coveredstatements="1" conditionals="0" coveredconditionals="0" methods="0" coveredmethods="0"/>
        <line num="3" count="1" type="stmt"/>
      </file>
    </package>
    <package name="components.Form">
      <metrics statements="3" coveredstatements="3" conditionals="0" coveredconditionals="0" methods="1" coveredmethods="1"/>
      <file name="Form.tsx" path="/Users/konradadamczyk/Documents/Projects/shop/Shop/src/components/Form/Form.tsx">
        <metrics statements="2" coveredstatements="2" conditionals="0" coveredconditionals="0" methods="1" coveredmethods="1"/>
        <line num="11" count="2" type="stmt"/>
        <line num="12" count="2" type="stmt"/>
      </file>
      <file name="styles.ts" path="/Users/konradadamczyk/Documents/Projects/shop/Shop/src/components/Form/styles.ts">
        <metrics statements="1" coveredstatements="1" conditionals="0" coveredconditionals="0" methods="0" coveredmethods="0"/>
        <line num="3" count="2" type="stmt"/>
      </file>
    </package>
    <package name="components.Loader">
      <metrics statements="2" coveredstatements="2" conditionals="2" coveredconditionals="2" methods="1" coveredmethods="1"/>
      <file name="Loader.tsx" path="/Users/konradadamczyk/Documents/Projects/shop/Shop/src/components/Loader/Loader.tsx">
        <metrics statements="2" coveredstatements="2" conditionals="2" coveredconditionals="2" methods="1" coveredmethods="1"/>
        <line num="8" count="1" type="stmt"/>
        <line num="9" count="2" type="stmt"/>
      </file>
    </package>
    <package name="components.PopUps.PopupModal">
      <metrics statements="3" coveredstatements="3" conditionals="5" coveredconditionals="3" methods="1" coveredmethods="1"/>
      <file name="PopupModal.tsx" path="/Users/konradadamczyk/Documents/Projects/shop/Shop/src/components/PopUps/PopupModal/PopupModal.tsx">
        <metrics statements="2" coveredstatements="2" conditionals="5" coveredconditionals="3" methods="1" coveredmethods="1"/>
        <line num="15" count="1" type="stmt"/>
        <line num="23" count="4" type="stmt"/>
      </file>
      <file name="styles.ts" path="/Users/konradadamczyk/Documents/Projects/shop/Shop/src/components/PopUps/PopupModal/styles.ts">
        <metrics statements="1" coveredstatements="1" conditionals="0" coveredconditionals="0" methods="0" coveredmethods="0"/>
        <line num="4" count="1" type="stmt"/>
      </file>
    </package>
    <package name="components.Wrapper">
      <metrics statements="5" coveredstatements="5" conditionals="15" coveredconditionals="11" methods="1" coveredmethods="1"/>
      <file name="Wrapper.tsx" path="/Users/konradadamczyk/Documents/Projects/shop/Shop/src/components/Wrapper/Wrapper.tsx">
        <metrics statements="4" coveredstatements="4" conditionals="15" coveredconditionals="11" methods="1" coveredmethods="1"/>
        <line num="16" count="1" type="stmt"/>
        <line num="26" count="5" type="cond" truecount="2" falsecount="0"/>
        <line num="27" count="2" type="stmt"/>
        <line num="39" count="3" type="stmt"/>
      </file>
      <file name="styles.ts" path="/Users/konradadamczyk/Documents/Projects/shop/Shop/src/components/Wrapper/styles.ts">
        <metrics statements="1" coveredstatements="1" conditionals="0" coveredconditionals="0" methods="0" coveredmethods="0"/>
        <line num="3" count="1" type="stmt"/>
      </file>
    </package>
    <package name="config.Theme">
      <metrics statements="2" coveredstatements="2" conditionals="0" coveredconditionals="0" methods="0" coveredmethods="0"/>
      <file name="Colors.ts" path="/Users/konradadamczyk/Documents/Projects/shop/Shop/src/config/Theme/Colors.ts">
        <metrics statements="1" coveredstatements="1" conditionals="0" coveredconditionals="0" methods="0" coveredmethods="0"/>
        <line num="12" count="5" type="stmt"/>
      </file>
      <file name="styleVariables.tsx" path="/Users/konradadamczyk/Documents/Projects/shop/Shop/src/config/Theme/styleVariables.tsx">
        <metrics statements="1" coveredstatements="1" conditionals="0" coveredconditionals="0" methods="0" coveredmethods="0"/>
        <line num="4" count="5" type="stmt"/>
      </file>
    </package>
  </project>
</coverage>
