{"/Users/konradadamczyk/Documents/Projects/shop/Shop/src/components/Container/Container.tsx": {"path":"/Users/konradadamczyk/Documents/Projects/shop/Shop/src/components/Container/Container.tsx","statementMap":{"0":{"start":{"line":15,"column":25},"end":{"line":66,"column":1}},"1":{"start":{"line":22,"column":2},"end":{"line":46,"column":3}},"2":{"start":{"line":23,"column":4},"end":{"line":45,"column":6}},"3":{"start":{"line":47,"column":2},"end":{"line":65,"column":4}}},"fnMap":{"0":{"name":"(anonymous_0)","decl":{"start":{"line":15,"column":25},"end":{"line":15,"column":26}},"loc":{"start":{"line":21,"column":27},"end":{"line":66,"column":1}},"line":21}},"branchMap":{"0":{"loc":{"start":{"line":16,"column":2},"end":{"line":16,"column":27}},"type":"default-arg","locations":[{"start":{"line":16,"column":23},"end":{"line":16,"column":27}}],"line":16},"1":{"loc":{"start":{"line":20,"column":2},"end":{"line":20,"column":21}},"type":"default-arg","locations":[{"start":{"line":20,"column":16},"end":{"line":20,"column":21}}],"line":20},"2":{"loc":{"start":{"line":22,"column":2},"end":{"line":46,"column":3}},"type":"if","locations":[{"start":{"line":22,"column":2},"end":{"line":46,"column":3}},{"start":{"line":22,"column":2},"end":{"line":46,"column":3}}],"line":22},"3":{"loc":{"start":{"line":25,"column":9},"end":{"line":43,"column":9}},"type":"cond-expr","locations":[{"start":{"line":26,"column":10},"end":{"line":33,"column":25}},{"start":{"line":35,"column":10},"end":{"line":42,"column":17}}],"line":25},"4":{"loc":{"start":{"line":29,"column":14},"end":{"line":29,"column":61}},"type":"binary-expr","locations":[{"start":{"line":29,"column":14},"end":{"line":29,"column":25}},{"start":{"line":29,"column":29},"end":{"line":29,"column":61}}],"line":29},"5":{"loc":{"start":{"line":38,"column":14},"end":{"line":38,"column":61}},"type":"binary-expr","locations":[{"start":{"line":38,"column":14},"end":{"line":38,"column":25}},{"start":{"line":38,"column":29},"end":{"line":38,"column":61}}],"line":38},"6":{"loc":{"start":{"line":47,"column":9},"end":{"line":65,"column":3}},"type":"cond-expr","locations":[{"start":{"line":48,"column":4},"end":{"line":55,"column":19}},{"start":{"line":57,"column":4},"end":{"line":64,"column":11}}],"line":47},"7":{"loc":{"start":{"line":51,"column":8},"end":{"line":51,"column":55}},"type":"binary-expr","locations":[{"start":{"line":51,"column":8},"end":{"line":51,"column":19}},{"start":{"line":51,"column":23},"end":{"line":51,"column":55}}],"line":51},"8":{"loc":{"start":{"line":60,"column":8},"end":{"line":60,"column":55}},"type":"binary-expr","locations":[{"start":{"line":60,"column":8},"end":{"line":60,"column":19}},{"start":{"line":60,"column":23},"end":{"line":60,"column":55}}],"line":60}},"s":{"0":1,"1":8,"2":4,"3":4},"f":{"0":8},"b":{"0":[6],"1":[8],"2":[4,4],"3":[3,1],"4":[3,0],"5":[1,0],"6":[3,1],"7":[3,0],"8":[1,0]},"_coverageSchema":"1a1c01bbd47fc00a2c39e90264f33305004495a9","hash":"1a4c454df25e1ed9ba75a11b75a843efdcf7af2d"}
,"/Users/konradadamczyk/Documents/Projects/shop/Shop/src/components/Container/styles.ts": {"path":"/Users/konradadamczyk/Documents/Projects/shop/Shop/src/components/Container/styles.ts","statementMap":{"0":{"start":{"line":3,"column":22},"end":{"line":9,"column":2}}},"fnMap":{},"branchMap":{},"s":{"0":1},"f":{},"b":{},"_coverageSchema":"1a1c01bbd47fc00a2c39e90264f33305004495a9","hash":"5574a7eb0383571400a1d6c8b17063358fca76b3"}
,"/Users/konradadamczyk/Documents/Projects/shop/Shop/src/components/Form/Form.tsx": {"path":"/Users/konradadamczyk/Documents/Projects/shop/Shop/src/components/Form/Form.tsx","statementMap":{"0":{"start":{"line":11,"column":20},"end":{"line":22,"column":1}},"1":{"start":{"line":12,"column":2},"end":{"line":21,"column":4}}},"fnMap":{"0":{"name":"(anonymous_0)","decl":{"start":{"line":11,"column":20},"end":{"line":11,"column":21}},"loc":{"start":{"line":11,"column":64},"end":{"line":22,"column":1}},"line":11}},"branchMap":{},"s":{"0":2,"1":2},"f":{"0":2},"b":{},"_coverageSchema":"1a1c01bbd47fc00a2c39e90264f33305004495a9","hash":"2cdaf9f87e682a0609efc7626cdabecfb7256c64"}
,"/Users/konradadamczyk/Documents/Projects/shop/Shop/src/components/Form/styles.ts": {"path":"/Users/konradadamczyk/Documents/Projects/shop/Shop/src/components/Form/styles.ts","statementMap":{"0":{"start":{"line":3,"column":22},"end":{"line":11,"column":2}}},"fnMap":{},"branchMap":{},"s":{"0":2},"f":{},"b":{},"_coverageSchema":"1a1c01bbd47fc00a2c39e90264f33305004495a9","hash":"5049d370e5179e7851229233cae556b73440556f"}
,"/Users/konradadamczyk/Documents/Projects/shop/Shop/src/components/Loader/Loader.tsx": {"path":"/Users/konradadamczyk/Documents/Projects/shop/Shop/src/components/Loader/Loader.tsx","statementMap":{"0":{"start":{"line":8,"column":22},"end":{"line":19,"column":1}},"1":{"start":{"line":9,"column":2},"end":{"line":18,"column":4}}},"fnMap":{"0":{"name":"(anonymous_0)","decl":{"start":{"line":8,"column":22},"end":{"line":8,"column":23}},"loc":{"start":{"line":8,"column":60},"end":{"line":19,"column":1}},"line":8}},"branchMap":{"0":{"loc":{"start":{"line":12,"column":8},"end":{"line":14,"column":52}},"type":"cond-expr","locations":[{"start":{"line":13,"column":12},"end":{"line":13,"column":54}},{"start":{"line":14,"column":12},"end":{"line":14,"column":52}}],"line":12}},"s":{"0":1,"1":2},"f":{"0":2},"b":{"0":[1,1]},"_coverageSchema":"1a1c01bbd47fc00a2c39e90264f33305004495a9","hash":"b64da26e5f4446324b4b099a697ecd39d2a5d852"}
,"/Users/konradadamczyk/Documents/Projects/shop/Shop/src/components/PopUps/PopupModal/PopupModal.tsx": {"path":"/Users/konradadamczyk/Documents/Projects/shop/Shop/src/components/PopUps/PopupModal/PopupModal.tsx","statementMap":{"0":{"start":{"line":15,"column":26},"end":{"line":53,"column":1}},"1":{"start":{"line":23,"column":2},"end":{"line":52,"column":4}}},"fnMap":{"0":{"name":"(anonymous_0)","decl":{"start":{"line":15,"column":26},"end":{"line":15,"column":27}},"loc":{"start":{"line":22,"column":27},"end":{"line":53,"column":1}},"line":22}},"branchMap":{"0":{"loc":{"start":{"line":19,"column":2},"end":{"line":19,"column":23}},"type":"default-arg","locations":[{"start":{"line":19,"column":16},"end":{"line":19,"column":23}}],"line":19},"1":{"loc":{"start":{"line":33,"column":47},"end":{"line":33,"column":67}},"type":"binary-expr","locations":[{"start":{"line":33,"column":47},"end":{"line":33,"column":55}},{"start":{"line":33,"column":59},"end":{"line":33,"column":67}}],"line":33},"2":{"loc":{"start":{"line":34,"column":11},"end":{"line":42,"column":11}},"type":"binary-expr","locations":[{"start":{"line":34,"column":11},"end":{"line":34,"column":17}},{"start":{"line":35,"column":12},"end":{"line":41,"column":14}}],"line":34}},"s":{"0":1,"1":4},"f":{"0":4},"b":{"0":[4],"1":[4,0],"2":[4,0]},"_coverageSchema":"1a1c01bbd47fc00a2c39e90264f33305004495a9","hash":"67804a3d314807063f7643159bb1f859a724b15a"}
,"/Users/konradadamczyk/Documents/Projects/shop/Shop/src/components/PopUps/PopupModal/styles.ts": {"path":"/Users/konradadamczyk/Documents/Projects/shop/Shop/src/components/PopUps/PopupModal/styles.ts","statementMap":{"0":{"start":{"line":4,"column":22},"end":{"line":36,"column":2}}},"fnMap":{},"branchMap":{},"s":{"0":1},"f":{},"b":{},"_coverageSchema":"1a1c01bbd47fc00a2c39e90264f33305004495a9","hash":"70db3a33aba1ed7b7094aa6e3308acc825d8b588"}
,"/Users/konradadamczyk/Documents/Projects/shop/Shop/src/components/Wrapper/Wrapper.tsx": {"path":"/Users/konradadamczyk/Documents/Projects/shop/Shop/src/components/Wrapper/Wrapper.tsx","statementMap":{"0":{"start":{"line":16,"column":23},"end":{"line":58,"column":1}},"1":{"start":{"line":26,"column":2},"end":{"line":57,"column":3}},"2":{"start":{"line":27,"column":4},"end":{"line":37,"column":6}},"3":{"start":{"line":39,"column":4},"end":{"line":56,"column":6}}},"fnMap":{"0":{"name":"(anonymous_0)","decl":{"start":{"line":16,"column":23},"end":{"line":16,"column":24}},"loc":{"start":{"line":25,"column":27},"end":{"line":58,"column":1}},"line":25}},"branchMap":{"0":{"loc":{"start":{"line":19,"column":2},"end":{"line":19,"column":18}},"type":"default-arg","locations":[{"start":{"line":19,"column":13},"end":{"line":19,"column":18}}],"line":19},"1":{"loc":{"start":{"line":23,"column":2},"end":{"line":23,"column":17}},"type":"default-arg","locations":[{"start":{"line":23,"column":12},"end":{"line":23,"column":17}}],"line":23},"2":{"loc":{"start":{"line":24,"column":2},"end":{"line":24,"column":17}},"type":"default-arg","locations":[{"start":{"line":24,"column":12},"end":{"line":24,"column":17}}],"line":24},"3":{"loc":{"start":{"line":26,"column":2},"end":{"line":57,"column":3}},"type":"if","locations":[{"start":{"line":26,"column":2},"end":{"line":57,"column":3}},{"start":{"line":26,"column":2},"end":{"line":57,"column":3}}],"line":26},"4":{"loc":{"start":{"line":31,"column":10},"end":{"line":31,"column":39}},"type":"binary-expr","locations":[{"start":{"line":31,"column":10},"end":{"line":31,"column":19}},{"start":{"line":31,"column":23},"end":{"line":31,"column":39}}],"line":31},"5":{"loc":{"start":{"line":32,"column":10},"end":{"line":32,"column":41}},"type":"binary-expr","locations":[{"start":{"line":32,"column":10},"end":{"line":32,"column":20}},{"start":{"line":32,"column":24},"end":{"line":32,"column":41}}],"line":32},"6":{"loc":{"start":{"line":46,"column":10},"end":{"line":46,"column":41}},"type":"binary-expr","locations":[{"start":{"line":46,"column":10},"end":{"line":46,"column":20}},{"start":{"line":46,"column":24},"end":{"line":46,"column":41}}],"line":46},"7":{"loc":{"start":{"line":51,"column":10},"end":{"line":51,"column":39}},"type":"binary-expr","locations":[{"start":{"line":51,"column":10},"end":{"line":51,"column":19}},{"start":{"line":51,"column":23},"end":{"line":51,"column":39}}],"line":51},"8":{"loc":{"start":{"line":52,"column":10},"end":{"line":52,"column":53}},"type":"binary-expr","locations":[{"start":{"line":52,"column":10},"end":{"line":52,"column":17}},{"start":{"line":52,"column":21},"end":{"line":52,"column":53}}],"line":52}},"s":{"0":1,"1":5,"2":2,"3":3},"f":{"0":5},"b":{"0":[3],"1":[5],"2":[5],"3":[2,3],"4":[2,0],"5":[2,0],"6":[3,1],"7":[3,0],"8":[3,0]},"_coverageSchema":"1a1c01bbd47fc00a2c39e90264f33305004495a9","hash":"63cd7dd6381d9564d3f39f7dce92d58ac9317305"}
,"/Users/konradadamczyk/Documents/Projects/shop/Shop/src/components/Wrapper/styles.ts": {"path":"/Users/konradadamczyk/Documents/Projects/shop/Shop/src/components/Wrapper/styles.ts","statementMap":{"0":{"start":{"line":3,"column":22},"end":{"line":12,"column":2}}},"fnMap":{},"branchMap":{},"s":{"0":1},"f":{},"b":{},"_coverageSchema":"1a1c01bbd47fc00a2c39e90264f33305004495a9","hash":"31e9ac5d2c81321df201eb352a229f5ed4869cc5"}
,"/Users/konradadamczyk/Documents/Projects/shop/Shop/src/config/Theme/Colors.ts": {"path":"/Users/konradadamczyk/Documents/Projects/shop/Shop/src/config/Theme/Colors.ts","statementMap":{"0":{"start":{"line":12,"column":36},"end":{"line":21,"column":1}}},"fnMap":{},"branchMap":{},"s":{"0":5},"f":{},"b":{},"_coverageSchema":"1a1c01bbd47fc00a2c39e90264f33305004495a9","hash":"4c309f0d59a156182813811854df4e72ccf78deb"}
,"/Users/konradadamczyk/Documents/Projects/shop/Shop/src/config/Theme/styleVariables.tsx": {"path":"/Users/konradadamczyk/Documents/Projects/shop/Shop/src/config/Theme/styleVariables.tsx","statementMap":{"0":{"start":{"line":4,"column":21},"end":{"line":64,"column":1}}},"fnMap":{},"branchMap":{},"s":{"0":5},"f":{},"b":{},"_coverageSchema":"1a1c01bbd47fc00a2c39e90264f33305004495a9","hash":"322c8d7ce3a7fd083cb65bec2ff907d4f63e722d"}
}
