TN:
SF:src/components/Container/Container.tsx
FN:15,(anonymous_0)
FNF:1
FNH:1
FNDA:8,(anonymous_0)
DA:15,1
DA:22,8
DA:23,4
DA:47,4
LF:4
LH:4
BRDA:16,0,0,6
BRDA:20,1,0,8
BRDA:22,2,0,4
BRDA:22,2,1,4
BRDA:25,3,0,3
BRDA:25,3,1,1
BRDA:29,4,0,3
BRDA:29,4,1,0
BRDA:38,5,0,1
BRDA:38,5,1,0
BRDA:47,6,0,3
BRDA:47,6,1,1
BRDA:51,7,0,3
BRDA:51,7,1,0
BRDA:60,8,0,1
BRDA:60,8,1,0
BRF:16
BRH:12
end_of_record
TN:
SF:src/components/Container/styles.ts
FNF:0
FNH:0
DA:3,1
LF:1
LH:1
BRF:0
BRH:0
end_of_record
TN:
SF:src/components/Form/Form.tsx
FN:11,(anonymous_0)
FNF:1
FNH:1
FNDA:2,(anonymous_0)
DA:11,2
DA:12,2
LF:2
LH:2
BRF:0
BRH:0
end_of_record
TN:
SF:src/components/Form/styles.ts
FNF:0
FNH:0
DA:3,2
LF:1
LH:1
BRF:0
BRH:0
end_of_record
TN:
SF:src/components/Loader/Loader.tsx
FN:8,(anonymous_0)
FNF:1
FNH:1
FNDA:2,(anonymous_0)
DA:8,1
DA:9,2
LF:2
LH:2
BRDA:12,0,0,1
BRDA:12,0,1,1
BRF:2
BRH:2
end_of_record
TN:
SF:src/components/PopUps/PopupModal/PopupModal.tsx
FN:15,(anonymous_0)
FNF:1
FNH:1
FNDA:4,(anonymous_0)
DA:15,1
DA:23,4
LF:2
LH:2
BRDA:19,0,0,4
BRDA:33,1,0,4
BRDA:33,1,1,0
BRDA:34,2,0,4
BRDA:34,2,1,0
BRF:5
BRH:3
end_of_record
TN:
SF:src/components/PopUps/PopupModal/styles.ts
FNF:0
FNH:0
DA:4,1
LF:1
LH:1
BRF:0
BRH:0
end_of_record
TN:
SF:src/components/Wrapper/Wrapper.tsx
FN:16,(anonymous_0)
FNF:1
FNH:1
FNDA:5,(anonymous_0)
DA:16,1
DA:26,5
DA:27,2
DA:39,3
LF:4
LH:4
BRDA:19,0,0,3
BRDA:23,1,0,5
BRDA:24,2,0,5
BRDA:26,3,0,2
BRDA:26,3,1,3
BRDA:31,4,0,2
BRDA:31,4,1,0
BRDA:32,5,0,2
BRDA:32,5,1,0
BRDA:46,6,0,3
BRDA:46,6,1,1
BRDA:51,7,0,3
BRDA:51,7,1,0
BRDA:52,8,0,3
BRDA:52,8,1,0
BRF:15
BRH:11
end_of_record
TN:
SF:src/components/Wrapper/styles.ts
FNF:0
FNH:0
DA:3,1
LF:1
LH:1
BRF:0
BRH:0
end_of_record
TN:
SF:src/config/Theme/Colors.ts
FNF:0
FNH:0
DA:12,5
LF:1
LH:1
BRF:0
BRH:0
end_of_record
TN:
SF:src/config/Theme/styleVariables.tsx
FNF:0
FNH:0
DA:4,5
LF:1
LH:1
BRF:0
BRH:0
end_of_record
